<?xml version="1.0" encoding="UTF-8"?>
<coverage generated="1710676457224" clover="3.2.0">
  <project timestamp="1710676457224" name="All files">
    <metrics statements="39" coveredstatements="28" conditionals="27" coveredconditionals="18" methods="4" coveredmethods="4" elements="70" coveredelements="50" complexity="0" loc="39" ncloc="39" packages="1" files="2" classes="2"/>
    <file name="basic.js" path="C:\Users\Дмитрий\Desktop\oop\src\js\basic.js">
      <metrics statements="4" coveredstatements="4" conditionals="0" coveredconditionals="0" methods="1" coveredmethods="1"/>
      <line num="2" count="1" type="stmt"/>
      <line num="3" count="1" type="stmt"/>
      <line num="4" count="3" type="stmt"/>
      <line num="6" count="1" type="stmt"/>
    </file>
    <file name="character.js" path="C:\Users\Дмитрий\Desktop\oop\src\js\character.js">
      <metrics statements="35" coveredstatements="24" conditionals="27" coveredconditionals="18" methods="3" coveredmethods="3"/>
      <line num="3" count="5" type="cond" truecount="6" falsecount="0"/>
      <line num="4" count="1" type="stmt"/>
      <line num="6" count="4" type="stmt"/>
      <line num="7" count="4" type="cond" truecount="5" falsecount="0"/>
      <line num="8" count="1" type="stmt"/>
      <line num="10" count="3" type="stmt"/>
      <line num="11" count="3" type="stmt"/>
      <line num="12" count="3" type="stmt"/>
      <line num="13" count="3" type="stmt"/>
      <line num="14" count="3" type="stmt"/>
      <line num="15" count="3" type="cond" truecount="1" falsecount="1"/>
      <line num="16" count="0" type="stmt"/>
      <line num="17" count="0" type="stmt"/>
      <line num="18" count="3" type="cond" truecount="1" falsecount="1"/>
      <line num="19" count="0" type="stmt"/>
      <line num="20" count="0" type="stmt"/>
      <line num="21" count="3" type="cond" truecount="1" falsecount="1"/>
      <line num="22" count="0" type="stmt"/>
      <line num="23" count="0" type="stmt"/>
      <line num="24" count="3" type="cond" truecount="1" falsecount="1"/>
      <line num="25" count="0" type="stmt"/>
      <line num="26" count="0" type="stmt"/>
      <line num="27" count="3" type="cond" truecount="1" falsecount="1"/>
      <line num="28" count="3" type="stmt"/>
      <line num="29" count="3" type="stmt"/>
      <line num="30" count="0" type="cond" truecount="0" falsecount="2"/>
      <line num="31" count="0" type="stmt"/>
      <line num="32" count="0" type="stmt"/>
      <line num="36" count="1" type="cond" truecount="1" falsecount="1"/>
      <line num="37" count="1" type="stmt"/>
      <line num="38" count="1" type="stmt"/>
      <line num="39" count="1" type="stmt"/>
      <line num="40" count="1" type="stmt"/>
      <line num="44" count="1" type="cond" truecount="1" falsecount="1"/>
      <line num="45" count="1" type="stmt"/>
    </file>
  </project>
</coverage>
