TN:
SF:src\js\basic.js
FN:1,sum
FNF:1
FNH:1
FNDA:1,sum
DA:2,1
DA:3,1
DA:4,3
DA:6,1
LF:4
LH:4
BRF:0
BRH:0
end_of_record
TN:
SF:src\js\character.js
FN:2,(anonymous_0)
FN:35,(anonymous_1)
FN:43,(anonymous_2)
FNF:3
FNH:3
FNDA:5,(anonymous_0)
FNDA:1,(anonymous_1)
FNDA:1,(anonymous_2)
DA:3,5
DA:4,1
DA:6,4
DA:7,4
DA:8,1
DA:10,3
DA:11,3
DA:12,3
DA:13,3
DA:14,3
DA:15,3
DA:16,0
DA:17,0
DA:18,3
DA:19,0
DA:20,0
DA:21,3
DA:22,0
DA:23,0
DA:24,3
DA:25,0
DA:26,0
DA:27,3
DA:28,3
DA:29,3
DA:30,0
DA:31,0
DA:32,0
DA:36,1
DA:37,1
DA:38,1
DA:39,1
DA:40,1
DA:44,1
DA:45,1
LF:35
LH:24
BRDA:3,0,0,1
BRDA:3,0,1,4
BRDA:3,1,0,5
BRDA:3,1,1,5
BRDA:3,1,2,5
BRDA:3,1,3,5
BRDA:7,2,0,1
BRDA:7,2,1,3
BRDA:7,3,0,4
BRDA:7,3,1,4
BRDA:7,3,2,4
BRDA:15,4,0,0
BRDA:15,4,1,3
BRDA:18,5,0,0
BRDA:18,5,1,3
BRDA:21,6,0,0
BRDA:21,6,1,3
BRDA:24,7,0,0
BRDA:24,7,1,3
BRDA:27,8,0,3
BRDA:27,8,1,0
BRDA:30,9,0,0
BRDA:30,9,1,0
BRDA:36,10,0,1
BRDA:36,10,1,0
BRDA:44,11,0,1
BRDA:44,11,1,0
BRF:27
BRH:18
end_of_record
